2026-02-02T20:56:52.898Z 	 info: Azurite Blob service is starting on 127.0.0.1:10000
2026-02-02T20:56:52.899Z 	 info: AccountDataStore:init() Refresh accounts from environment variable AZURITE_ACCOUNTS with value undefined
2026-02-02T20:56:52.899Z 	 info: AccountDataStore:init() Fallback to default emulator account devstoreaccount1.
2026-02-02T20:56:52.953Z 	 info: BlobGCManager:start() Starting BlobGCManager. Set status to Initializing.
2026-02-02T20:56:52.954Z 	 info: BlobGCManager:start() Trigger mark and sweep loop. Set status to Running.
2026-02-02T20:56:52.954Z 	 info: BlobGCManager:markSweepLoop() Start next mark and sweep.
2026-02-02T20:56:52.954Z 	 info: BlobGCManager:markSweep() Get all extents.
2026-02-02T20:56:52.955Z 	 info: BlobGCManager:start() BlobGCManager successfully started.
2026-02-02T20:56:52.964Z 	 info: BlobGCManager:markSweep() Got 2 extents.
2026-02-02T20:56:52.964Z 	 info: BlobGCManager:markSweep() Get referred extents.
2026-02-02T20:56:52.965Z 	 info: BlobGCManager:markSweep() Got referred extents, unreferenced extents count is 0.
2026-02-02T20:56:52.965Z 	 info: BlobGCManager:markSweepLoop() Mark and sweep finished, taken 11ms.
2026-02-02T20:56:52.965Z 	 info: BlobGCManager:markSweepLoop() Sleep for 600000ms.
2026-02-02T20:56:52.969Z 	 info: Azurite Blob service successfully listens on http://127.0.0.1:10000
2026-02-02T20:56:52.969Z 	 info: Azurite Queue service is starting on 127.0.0.1:10001
2026-02-02T20:56:52.969Z 	 info: AccountDataStore:init() Refresh accounts from environment variable AZURITE_ACCOUNTS with value undefined
2026-02-02T20:56:52.969Z 	 info: AccountDataStore:init() Fallback to default emulator account devstoreaccount1.
2026-02-02T20:56:53.034Z 	 info: QueueGCManager:start() Starting QueueGCManager, set status to Initializing
2026-02-02T20:56:53.034Z 	 info: QueueGCManager:start() Trigger mark and sweep loop, set status to Running.
2026-02-02T20:56:53.034Z 	 info: QueueGCManager:markSweepLoop() Start new mark and sweep.
2026-02-02T20:56:53.034Z 	 info: QueueGCManger:markSweep() Get all extents.
2026-02-02T20:56:53.034Z 	 info: QueueGCManager:start() QueueGCManager successfully started.
2026-02-02T20:56:53.035Z 	 info: QueueGCManager:marksweep() Get 0 extents.
2026-02-02T20:56:53.035Z 	 info: QueueGCManager:markSweep() Get referred extents, then remove from allExtents.
2026-02-02T20:56:53.035Z 	 info: QueueGCManager:markSweep() Got referred extents, unreferenced extents count is 0.
2026-02-02T20:56:53.035Z 	 info: QueueGCManager:markSweepLoop() Mark and sweep finished, take 1ms.
2026-02-02T20:56:53.035Z 	 info: QueueGCManager:markSweepLoop() Sleep for 60000
2026-02-02T20:56:53.039Z 	 info: Azurite Queue service successfully listens on http://127.0.0.1:10001
2026-02-02T20:56:53.039Z 	 info: Azurite Table service is starting on 127.0.0.1:10002
2026-02-02T20:56:53.039Z 	 info: AccountDataStore:init() Refresh accounts from environment variable AZURITE_ACCOUNTS with value undefined
2026-02-02T20:56:53.039Z 	 info: AccountDataStore:init() Fallback to default emulator account devstoreaccount1.
2026-02-02T20:56:53.078Z 	 info: Azurite Table service successfully listens on http://127.0.0.1:10002
2026-02-02T20:56:53.103Z 	 info: InstaceID 19ddf4d3-080e-4521-8c2d-1fddf5a1b515, SessionID 1b3153fa-83c7-45cc-8a12-90fda83ca97c.
2026-02-02T20:56:54.095Z 	 info: Telemetry initialize successfully.
2026-02-02T20:56:54.100Z 	 verbose: Send start telemetry
2026-02-02T20:56:54.108Z f6bda989-beb8-4be9-a503-9daa35dfa76e info: BlobStorageContextMiddleware: RequestMethod=HEAD RequestURL=http://127.0.0.1/devstoreaccount1/azure-webjobs-hosts/locks/ironpatriot-1903636601/host RequestHeaders:{"host":"127.0.0.1:10000","x-ms-version":"2024-08-04","accept":"application/xml","x-ms-client-request-id":"2e655bdb-1123-4525-9796-4ff0240db5d6","x-ms-return-client-request-id":"true","user-agent":"azsdk-net-Storage.Blobs/12.21.2 (.NET 8.0.22; Microsoft Windows 10.0.26200)","x-ms-date":"Mon, 02 Feb 2026 20:56:53 GMT","authorization":"SharedKey devstoreaccount1:jMJ0vtq94gzLNlwfWnkYJtGB1BXYfVf2Vd5WP/bUBOE="} ClientIP=127.0.0.1 Protocol=http HTTPVersion=1.1
2026-02-02T20:56:54.109Z f6bda989-beb8-4be9-a503-9daa35dfa76e info: BlobStorageContextMiddleware: Account=devstoreaccount1 Container=azure-webjobs-hosts Blob=locks/ironpatriot-1903636601/host
2026-02-02T20:56:54.109Z f6bda989-beb8-4be9-a503-9daa35dfa76e verbose: DispatchMiddleware: Dispatching request...
2026-02-02T20:56:54.110Z f6bda989-beb8-4be9-a503-9daa35dfa76e info: DispatchMiddleware: Operation=Blob_GetProperties
2026-02-02T20:56:54.111Z f6bda989-beb8-4be9-a503-9daa35dfa76e verbose: AuthenticationMiddlewareFactory:createAuthenticationMiddleware() Validating authentications.
2026-02-02T20:56:54.111Z f6bda989-beb8-4be9-a503-9daa35dfa76e info: PublicAccessAuthenticator:validate() Start validation against public access.
2026-02-02T20:56:54.111Z f6bda989-beb8-4be9-a503-9daa35dfa76e debug: PublicAccessAuthenticator:validate() Getting account properties...
2026-02-02T20:56:54.111Z f6bda989-beb8-4be9-a503-9daa35dfa76e debug: PublicAccessAuthenticator:validate() Retrieved account name from context: devstoreaccount1, container: azure-webjobs-hosts, blob: locks/ironpatriot-1903636601/host
2026-02-02T20:56:54.112Z f6bda989-beb8-4be9-a503-9daa35dfa76e debug: PublicAccessAuthenticator:validate() Skip public access authentication. Cannot get public access type for container azure-webjobs-hosts
2026-02-02T20:56:54.112Z f6bda989-beb8-4be9-a503-9daa35dfa76e info: BlobSharedKeyAuthenticator:validate() Start validation against account shared key authentication.
2026-02-02T20:56:54.124Z f6bda989-beb8-4be9-a503-9daa35dfa76e info: BlobSharedKeyAuthenticator:validate() [STRING TO SIGN]:"HEAD\n\n\n\n\n\n\n\n\n\n\n\nx-ms-client-request-id:2e655bdb-1123-4525-9796-4ff0240db5d6\nx-ms-date:Mon, 02 Feb 2026 20:56:53 GMT\nx-ms-return-client-request-id:true\nx-ms-version:2024-08-04\n/devstoreaccount1/devstoreaccount1/azure-webjobs-hosts/locks/ironpatriot-1903636601/host"
2026-02-02T20:56:54.125Z f6bda989-beb8-4be9-a503-9daa35dfa76e info: BlobSharedKeyAuthenticator:validate() Calculated authentication header based on key1: SharedKey devstoreaccount1:jMJ0vtq94gzLNlwfWnkYJtGB1BXYfVf2Vd5WP/bUBOE=
2026-02-02T20:56:54.125Z f6bda989-beb8-4be9-a503-9daa35dfa76e info: BlobSharedKeyAuthenticator:validate() Signature 1 matched.
2026-02-02T20:56:54.125Z f6bda989-beb8-4be9-a503-9daa35dfa76e verbose: DeserializerMiddleware: Start deserializing...
2026-02-02T20:56:54.127Z f6bda989-beb8-4be9-a503-9daa35dfa76e info: HandlerMiddleware: DeserializedParameters={"options":{"requestId":"2e655bdb-1123-4525-9796-4ff0240db5d6","leaseAccessConditions":{},"cpkInfo":{},"modifiedAccessConditions":{}},"version":"2024-08-04"}
2026-02-02T20:56:54.215Z f6bda989-beb8-4be9-a503-9daa35dfa76e error: ErrorMiddleware: Received a MiddlewareError, fill error information to HTTP response
2026-02-02T20:56:54.215Z f6bda989-beb8-4be9-a503-9daa35dfa76e error: ErrorMiddleware: ErrorName=StorageError ErrorMessage=The specified blob does not exist.  ErrorHTTPStatusCode=404 ErrorHTTPStatusMessage=The specified blob does not exist. ErrorHTTPHeaders={"x-ms-error-code":"BlobNotFound","x-ms-request-id":"f6bda989-beb8-4be9-a503-9daa35dfa76e"} ErrorHTTPBody="<?xml version=\"1.0\" encoding=\"UTF-8\" standalone=\"yes\"?>\n<Error>\n  <Code>BlobNotFound</Code>\n  <Message>The specified blob does not exist.\nRequestId:f6bda989-beb8-4be9-a503-9daa35dfa76e\nTime:2026-02-02T20:56:54.128Z</Message>\n</Error>" ErrorStack="StorageError: The specified blob does not exist.\n    at StorageErrorFactory.getBlobNotFound (C:\\Users\\yingdingwang\\Documents\\VCS\\pocs\\virtualclinic\\backend\\functions\\node_modules\\azurite\\dist\\src\\blob\\errors\\StorageErrorFactory.js:29:16)\n    at LokiBlobMetadataStore.getBlobProperties (C:\\Users\\yingdingwang\\Documents\\VCS\\pocs\\virtualclinic\\backend\\functions\\node_modules\\azurite\\dist\\src\\blob\\persistence\\LokiBlobMetadataStore.js:870:49)\n    at process.processTicksAndRejections (node:internal/process/task_queues:105:5)\n    at async BlobHandler.getProperties (C:\\Users\\yingdingwang\\Documents\\VCS\\pocs\\virtualclinic\\backend\\functions\\node_modules\\azurite\\dist\\src\\blob\\handlers\\BlobHandler.js:73:21)"
2026-02-02T20:56:54.215Z f6bda989-beb8-4be9-a503-9daa35dfa76e error: ErrorMiddleware: Set HTTP code: 404
2026-02-02T20:56:54.216Z f6bda989-beb8-4be9-a503-9daa35dfa76e error: ErrorMiddleware: Set HTTP status message: The specified blob does not exist.
2026-02-02T20:56:54.216Z f6bda989-beb8-4be9-a503-9daa35dfa76e error: ErrorMiddleware: Set HTTP Header: x-ms-error-code=BlobNotFound
2026-02-02T20:56:54.216Z f6bda989-beb8-4be9-a503-9daa35dfa76e error: ErrorMiddleware: Set HTTP Header: x-ms-request-id=f6bda989-beb8-4be9-a503-9daa35dfa76e
2026-02-02T20:56:54.216Z f6bda989-beb8-4be9-a503-9daa35dfa76e error: ErrorMiddleware: Set HTTP body: "<?xml version=\"1.0\" encoding=\"UTF-8\" standalone=\"yes\"?>\n<Error>\n  <Code>BlobNotFound</Code>\n  <Message>The specified blob does not exist.\nRequestId:f6bda989-beb8-4be9-a503-9daa35dfa76e\nTime:2026-02-02T20:56:54.128Z</Message>\n</Error>"
2026-02-02T20:56:54.217Z f6bda989-beb8-4be9-a503-9daa35dfa76e verbose: Send Blob telemetry: B_Blob_GetProperties
2026-02-02T20:56:54.217Z f6bda989-beb8-4be9-a503-9daa35dfa76e info: EndMiddleware: End response. TotalTimeInMS=109 StatusCode=404 StatusMessage=The specified blob does not exist. Headers={"server":"Azurite-Blob/3.35.0","x-ms-error-code":"BlobNotFound","x-ms-request-id":"f6bda989-beb8-4be9-a503-9daa35dfa76e"}
2026-02-02T20:56:54.243Z ddea4f19-31e3-47eb-b1fb-dcabfd977614 info: BlobStorageContextMiddleware: RequestMethod=PUT RequestURL=http://127.0.0.1/devstoreaccount1/azure-webjobs-hosts/locks/ironpatriot-1903636601/host?comp=lease RequestHeaders:{"host":"127.0.0.1:10000","x-ms-lease-action":"acquire","x-ms-version":"2024-08-04","accept":"application/xml","x-ms-lease-duration":"15","x-ms-proposed-lease-id":"000000000000000000000000C9109B20","x-ms-client-request-id":"3968866a-1ed5-4113-9a33-e31738fa6fe1","x-ms-return-client-request-id":"true","user-agent":"azsdk-net-Storage.Blobs/12.21.2 (.NET 8.0.22; Microsoft Windows 10.0.26200)","x-ms-date":"Mon, 02 Feb 2026 20:56:54 GMT","authorization":"SharedKey devstoreaccount1:5TqHPHK8IPtoQKl1/W+j3HiuFpgYBd50CBe3ITfqCS0=","content-length":"0"} ClientIP=127.0.0.1 Protocol=http HTTPVersion=1.1
2026-02-02T20:56:54.244Z ddea4f19-31e3-47eb-b1fb-dcabfd977614 info: BlobStorageContextMiddleware: Account=devstoreaccount1 Container=azure-webjobs-hosts Blob=locks/ironpatriot-1903636601/host
2026-02-02T20:56:54.244Z ddea4f19-31e3-47eb-b1fb-dcabfd977614 verbose: DispatchMiddleware: Dispatching request...
2026-02-02T20:56:54.245Z ddea4f19-31e3-47eb-b1fb-dcabfd977614 info: DispatchMiddleware: Operation=Blob_AcquireLease
2026-02-02T20:56:54.246Z ddea4f19-31e3-47eb-b1fb-dcabfd977614 verbose: AuthenticationMiddlewareFactory:createAuthenticationMiddleware() Validating authentications.
2026-02-02T20:56:54.246Z ddea4f19-31e3-47eb-b1fb-dcabfd977614 info: PublicAccessAuthenticator:validate() Start validation against public access.
2026-02-02T20:56:54.246Z ddea4f19-31e3-47eb-b1fb-dcabfd977614 debug: PublicAccessAuthenticator:validate() Getting account properties...
2026-02-02T20:56:54.246Z ddea4f19-31e3-47eb-b1fb-dcabfd977614 debug: PublicAccessAuthenticator:validate() Retrieved account name from context: devstoreaccount1, container: azure-webjobs-hosts, blob: locks/ironpatriot-1903636601/host
2026-02-02T20:56:54.246Z ddea4f19-31e3-47eb-b1fb-dcabfd977614 debug: PublicAccessAuthenticator:validate() Skip public access authentication. Cannot get public access type for container azure-webjobs-hosts
2026-02-02T20:56:54.246Z ddea4f19-31e3-47eb-b1fb-dcabfd977614 info: BlobSharedKeyAuthenticator:validate() Start validation against account shared key authentication.
2026-02-02T20:56:54.247Z ddea4f19-31e3-47eb-b1fb-dcabfd977614 info: BlobSharedKeyAuthenticator:validate() [STRING TO SIGN]:"PUT\n\n\n\n\n\n\n\n\n\n\n\nx-ms-client-request-id:3968866a-1ed5-4113-9a33-e31738fa6fe1\nx-ms-date:Mon, 02 Feb 2026 20:56:54 GMT\nx-ms-lease-action:acquire\nx-ms-lease-duration:15\nx-ms-proposed-lease-id:000000000000000000000000C9109B20\nx-ms-return-client-request-id:true\nx-ms-version:2024-08-04\n/devstoreaccount1/devstoreaccount1/azure-webjobs-hosts/locks/ironpatriot-1903636601/host\ncomp:lease"
2026-02-02T20:56:54.247Z ddea4f19-31e3-47eb-b1fb-dcabfd977614 info: BlobSharedKeyAuthenticator:validate() Calculated authentication header based on key1: SharedKey devstoreaccount1:5TqHPHK8IPtoQKl1/W+j3HiuFpgYBd50CBe3ITfqCS0=
2026-02-02T20:56:54.247Z ddea4f19-31e3-47eb-b1fb-dcabfd977614 info: BlobSharedKeyAuthenticator:validate() Signature 1 matched.
2026-02-02T20:56:54.247Z ddea4f19-31e3-47eb-b1fb-dcabfd977614 verbose: DeserializerMiddleware: Start deserializing...
2026-02-02T20:56:54.248Z ddea4f19-31e3-47eb-b1fb-dcabfd977614 info: HandlerMiddleware: DeserializedParameters={"options":{"duration":15,"proposedLeaseId":"000000000000000000000000C9109B20","requestId":"3968866a-1ed5-4113-9a33-e31738fa6fe1","modifiedAccessConditions":{}},"comp":"lease","version":"2024-08-04","action":"acquire"}
2026-02-02T20:56:54.249Z ddea4f19-31e3-47eb-b1fb-dcabfd977614 error: ErrorMiddleware: Received a MiddlewareError, fill error information to HTTP response
2026-02-02T20:56:54.250Z ddea4f19-31e3-47eb-b1fb-dcabfd977614 error: ErrorMiddleware: ErrorName=StorageError ErrorMessage=The specified blob does not exist.  ErrorHTTPStatusCode=404 ErrorHTTPStatusMessage=The specified blob does not exist. ErrorHTTPHeaders={"x-ms-error-code":"BlobNotFound","x-ms-request-id":"ddea4f19-31e3-47eb-b1fb-dcabfd977614"} ErrorHTTPBody="<?xml version=\"1.0\" encoding=\"UTF-8\" standalone=\"yes\"?>\n<Error>\n  <Code>BlobNotFound</Code>\n  <Message>The specified blob does not exist.\nRequestId:ddea4f19-31e3-47eb-b1fb-dcabfd977614\nTime:2026-02-02T20:56:54.249Z</Message>\n</Error>" ErrorStack="StorageError: The specified blob does not exist.\n    at StorageErrorFactory.getBlobNotFound (C:\\Users\\yingdingwang\\Documents\\VCS\\pocs\\virtualclinic\\backend\\functions\\node_modules\\azurite\\dist\\src\\blob\\errors\\StorageErrorFactory.js:29:16)\n    at LokiBlobMetadataStore.acquireBlobLease (C:\\Users\\yingdingwang\\Documents\\VCS\\pocs\\virtualclinic\\backend\\functions\\node_modules\\azurite\\dist\\src\\blob\\persistence\\LokiBlobMetadataStore.js:1048:49)\n    at process.processTicksAndRejections (node:internal/process/task_queues:105:5)\n    at async BlobHandler.acquireLease (C:\\Users\\yingdingwang\\Documents\\VCS\\pocs\\virtualclinic\\backend\\functions\\node_modules\\azurite\\dist\\src\\blob\\handlers\\BlobHandler.js:242:21)"
2026-02-02T20:56:54.250Z ddea4f19-31e3-47eb-b1fb-dcabfd977614 error: ErrorMiddleware: Set HTTP code: 404
2026-02-02T20:56:54.250Z ddea4f19-31e3-47eb-b1fb-dcabfd977614 error: ErrorMiddleware: Set HTTP status message: The specified blob does not exist.
2026-02-02T20:56:54.250Z ddea4f19-31e3-47eb-b1fb-dcabfd977614 error: ErrorMiddleware: Set HTTP Header: x-ms-error-code=BlobNotFound
2026-02-02T20:56:54.250Z ddea4f19-31e3-47eb-b1fb-dcabfd977614 error: ErrorMiddleware: Set HTTP Header: x-ms-request-id=ddea4f19-31e3-47eb-b1fb-dcabfd977614
2026-02-02T20:56:54.250Z ddea4f19-31e3-47eb-b1fb-dcabfd977614 error: ErrorMiddleware: Set content type: application/xml
2026-02-02T20:56:54.250Z ddea4f19-31e3-47eb-b1fb-dcabfd977614 error: ErrorMiddleware: Set HTTP body: "<?xml version=\"1.0\" encoding=\"UTF-8\" standalone=\"yes\"?>\n<Error>\n  <Code>BlobNotFound</Code>\n  <Message>The specified blob does not exist.\nRequestId:ddea4f19-31e3-47eb-b1fb-dcabfd977614\nTime:2026-02-02T20:56:54.249Z</Message>\n</Error>"
2026-02-02T20:56:54.251Z ddea4f19-31e3-47eb-b1fb-dcabfd977614 verbose: Send Blob telemetry: B_Blob_AcquireLease
2026-02-02T20:56:54.251Z ddea4f19-31e3-47eb-b1fb-dcabfd977614 info: EndMiddleware: End response. TotalTimeInMS=8 StatusCode=404 StatusMessage=The specified blob does not exist. Headers={"server":"Azurite-Blob/3.35.0","x-ms-error-code":"BlobNotFound","x-ms-request-id":"ddea4f19-31e3-47eb-b1fb-dcabfd977614","content-type":"application/xml"}
2026-02-02T20:56:54.868Z 80ad1ff7-ab73-43f0-928f-3d3fb019b160 info: BlobStorageContextMiddleware: RequestMethod=PUT RequestURL=http://127.0.0.1/devstoreaccount1/azure-webjobs-hosts/locks/ironpatriot-1903636601/host RequestHeaders:{"host":"127.0.0.1:10000","x-ms-blob-type":"BlockBlob","if-none-match":"*","x-ms-version":"2024-08-04","accept":"application/xml","x-ms-client-request-id":"9e507844-1566-4178-bf85-af2135ecaa62","x-ms-return-client-request-id":"true","user-agent":"azsdk-net-Storage.Blobs/12.21.2 (.NET 8.0.22; Microsoft Windows 10.0.26200)","x-ms-date":"Mon, 02 Feb 2026 20:56:54 GMT","authorization":"SharedKey devstoreaccount1:DSb2kmbhncuuA3xQ/OPqwHX+nH6q4WdrULZtAEUJOS4=","content-length":"0","content-type":"application/octet-stream"} ClientIP=127.0.0.1 Protocol=http HTTPVersion=1.1
2026-02-02T20:56:54.868Z 80ad1ff7-ab73-43f0-928f-3d3fb019b160 info: BlobStorageContextMiddleware: Account=devstoreaccount1 Container=azure-webjobs-hosts Blob=locks/ironpatriot-1903636601/host
2026-02-02T20:56:54.869Z 80ad1ff7-ab73-43f0-928f-3d3fb019b160 verbose: DispatchMiddleware: Dispatching request...
2026-02-02T20:56:54.869Z 80ad1ff7-ab73-43f0-928f-3d3fb019b160 info: DispatchMiddleware: Operation=BlockBlob_Upload
2026-02-02T20:56:54.869Z 80ad1ff7-ab73-43f0-928f-3d3fb019b160 verbose: AuthenticationMiddlewareFactory:createAuthenticationMiddleware() Validating authentications.
2026-02-02T20:56:54.869Z 80ad1ff7-ab73-43f0-928f-3d3fb019b160 info: PublicAccessAuthenticator:validate() Start validation against public access.
2026-02-02T20:56:54.869Z 80ad1ff7-ab73-43f0-928f-3d3fb019b160 debug: PublicAccessAuthenticator:validate() Getting account properties...
2026-02-02T20:56:54.869Z 80ad1ff7-ab73-43f0-928f-3d3fb019b160 debug: PublicAccessAuthenticator:validate() Retrieved account name from context: devstoreaccount1, container: azure-webjobs-hosts, blob: locks/ironpatriot-1903636601/host
2026-02-02T20:56:54.869Z 80ad1ff7-ab73-43f0-928f-3d3fb019b160 debug: PublicAccessAuthenticator:validate() Skip public access authentication. Cannot get public access type for container azure-webjobs-hosts
2026-02-02T20:56:54.870Z 80ad1ff7-ab73-43f0-928f-3d3fb019b160 info: BlobSharedKeyAuthenticator:validate() Start validation against account shared key authentication.
2026-02-02T20:56:54.870Z 80ad1ff7-ab73-43f0-928f-3d3fb019b160 info: BlobSharedKeyAuthenticator:validate() [STRING TO SIGN]:"PUT\n\n\n\n\napplication/octet-stream\n\n\n\n*\n\n\nx-ms-blob-type:BlockBlob\nx-ms-client-request-id:9e507844-1566-4178-bf85-af2135ecaa62\nx-ms-date:Mon, 02 Feb 2026 20:56:54 GMT\nx-ms-return-client-request-id:true\nx-ms-version:2024-08-04\n/devstoreaccount1/devstoreaccount1/azure-webjobs-hosts/locks/ironpatriot-1903636601/host"
2026-02-02T20:56:54.870Z 80ad1ff7-ab73-43f0-928f-3d3fb019b160 info: BlobSharedKeyAuthenticator:validate() Calculated authentication header based on key1: SharedKey devstoreaccount1:DSb2kmbhncuuA3xQ/OPqwHX+nH6q4WdrULZtAEUJOS4=
2026-02-02T20:56:54.870Z 80ad1ff7-ab73-43f0-928f-3d3fb019b160 info: BlobSharedKeyAuthenticator:validate() Signature 1 matched.
2026-02-02T20:56:54.870Z 80ad1ff7-ab73-43f0-928f-3d3fb019b160 verbose: DeserializerMiddleware: Start deserializing...
2026-02-02T20:56:54.870Z 80ad1ff7-ab73-43f0-928f-3d3fb019b160 info: HandlerMiddleware: DeserializedParameters={"options":{"metadata":{},"requestId":"9e507844-1566-4178-bf85-af2135ecaa62","blobHTTPHeaders":{},"leaseAccessConditions":{},"cpkInfo":{},"cpkScopeInfo":{},"modifiedAccessConditions":{"ifNoneMatch":"*"}},"contentLength":0,"version":"2024-08-04","blobType":"BlockBlob","body":"ReadableStream"}
2026-02-02T20:56:54.871Z 80ad1ff7-ab73-43f0-928f-3d3fb019b160 debug: OperationQueue.operate() Schedule incoming job ab013d17-673d-4a7c-a0b0-f3ad1e73e841
2026-02-02T20:56:54.871Z 80ad1ff7-ab73-43f0-928f-3d3fb019b160 debug: OperationQueue:execute() Current runningConcurrency:0 maxConcurrency:50 operations.length:1
2026-02-02T20:56:54.871Z 80ad1ff7-ab73-43f0-928f-3d3fb019b160 info: FSExtentStore:appendExtent() Select extent from idle location for extent append operation. LocationId:1 extentId:71ea95ac-5f07-42bd-ac8a-7b880f4546ec offset:0 MAX_EXTENT_SIZE:67108864 
2026-02-02T20:56:54.871Z 80ad1ff7-ab73-43f0-928f-3d3fb019b160 debug: FSExtentStore:appendExtent() Get fd:undefined for extent:71ea95ac-5f07-42bd-ac8a-7b880f4546ec from cache.
2026-02-02T20:56:54.872Z 80ad1ff7-ab73-43f0-928f-3d3fb019b160 debug: FSExtentStore:appendExtent() Open file:..\..\__blobstorage__\71ea95ac-5f07-42bd-ac8a-7b880f4546ec for extent:71ea95ac-5f07-42bd-ac8a-7b880f4546ec, get new fd:4
2026-02-02T20:56:54.873Z 80ad1ff7-ab73-43f0-928f-3d3fb019b160 debug: FSExtentStore:appendExtent() Created write stream for fd:4
2026-02-02T20:56:54.873Z 80ad1ff7-ab73-43f0-928f-3d3fb019b160 debug: FSExtentStore:appendExtent() Start writing to extent 71ea95ac-5f07-42bd-ac8a-7b880f4546ec
2026-02-02T20:56:54.873Z 80ad1ff7-ab73-43f0-928f-3d3fb019b160 debug: FSExtentStore:streamPipe() Start piping data to write stream
2026-02-02T20:56:54.873Z 80ad1ff7-ab73-43f0-928f-3d3fb019b160 debug: FSExtentStore:streamPipe() Readable stream triggers close event, 0 bytes piped
2026-02-02T20:56:54.873Z 80ad1ff7-ab73-43f0-928f-3d3fb019b160 debug: FSExtentStore:streamPipe() Invoke write stream end()
2026-02-02T20:56:54.874Z 80ad1ff7-ab73-43f0-928f-3d3fb019b160 debug: FSExtentStore:streamPipe() Writable stream triggers finish event, after 0 bytes piped. Flush data to fd:4.
2026-02-02T20:56:54.874Z 80ad1ff7-ab73-43f0-928f-3d3fb019b160 debug: FSExtentStore:streamPipe() Readable stream triggers close event, 0 bytes piped
2026-02-02T20:56:54.874Z 80ad1ff7-ab73-43f0-928f-3d3fb019b160 debug: FSExtentStore:streamPipe() Flush data to fd:4 successfully. Resolve streamPipe().
2026-02-02T20:56:54.874Z 80ad1ff7-ab73-43f0-928f-3d3fb019b160 debug: FSExtentStore:appendExtent() Write finish, start updating extent metadata. extent:{"id":"71ea95ac-5f07-42bd-ac8a-7b880f4546ec","locationId":"Default","path":"71ea95ac-5f07-42bd-ac8a-7b880f4546ec","size":0,"lastModifiedInMS":1770065814874}
2026-02-02T20:56:54.875Z 80ad1ff7-ab73-43f0-928f-3d3fb019b160 debug: FSExtentStore:appendExtent() Update extent metadata done. Resolve()
2026-02-02T20:56:54.875Z 80ad1ff7-ab73-43f0-928f-3d3fb019b160 debug: OperationQueue.operate() Job ab013d17-673d-4a7c-a0b0-f3ad1e73e841 completes callback, resolve.
2026-02-02T20:56:54.875Z 80ad1ff7-ab73-43f0-928f-3d3fb019b160 debug: OperationQueue:execute() Current runningConcurrency:0 maxConcurrency:50 operations.length:0
2026-02-02T20:56:54.875Z 80ad1ff7-ab73-43f0-928f-3d3fb019b160 debug: OperationQueue:execute() return. Operation.length === 0
2026-02-02T20:56:54.876Z 80ad1ff7-ab73-43f0-928f-3d3fb019b160 verbose: SerializerMiddleware: Start serializing...
2026-02-02T20:56:54.877Z 80ad1ff7-ab73-43f0-928f-3d3fb019b160 verbose: Send Blob telemetry: B_BlockBlob_Upload
2026-02-02T20:56:54.877Z 80ad1ff7-ab73-43f0-928f-3d3fb019b160 info: EndMiddleware: End response. TotalTimeInMS=9 StatusCode=201 StatusMessage=undefined Headers={"server":"Azurite-Blob/3.35.0","etag":"\"0x23CFFB90C54DBE0\"","last-modified":"Mon, 02 Feb 2026 20:56:54 GMT","content-md5":"1B2M2Y8AsgTpgAmY7PhCfg==","x-ms-client-request-id":"9e507844-1566-4178-bf85-af2135ecaa62","x-ms-request-id":"80ad1ff7-ab73-43f0-928f-3d3fb019b160","x-ms-version":"2025-11-05","date":"Mon, 02 Feb 2026 20:56:54 GMT","x-ms-request-server-encrypted":"true"}
2026-02-02T20:56:54.883Z 9899cd5f-c528-43a7-b9e3-3e2fdf517347 info: BlobStorageContextMiddleware: RequestMethod=PUT RequestURL=http://127.0.0.1/devstoreaccount1/azure-webjobs-hosts/locks/ironpatriot-1903636601/host?comp=lease RequestHeaders:{"host":"127.0.0.1:10000","x-ms-lease-action":"acquire","x-ms-version":"2024-08-04","accept":"application/xml","x-ms-lease-duration":"15","x-ms-proposed-lease-id":"000000000000000000000000C9109B20","x-ms-client-request-id":"b1c7ee38-b14e-4574-82d6-c7ede72c97fa","x-ms-return-client-request-id":"true","user-agent":"azsdk-net-Storage.Blobs/12.21.2 (.NET 8.0.22; Microsoft Windows 10.0.26200)","x-ms-date":"Mon, 02 Feb 2026 20:56:54 GMT","authorization":"SharedKey devstoreaccount1:y+J0IQo2yL57TZWXvJ+MlLiB2kDBj672soduowOi8+M=","content-length":"0"} ClientIP=127.0.0.1 Protocol=http HTTPVersion=1.1
2026-02-02T20:56:54.883Z 9899cd5f-c528-43a7-b9e3-3e2fdf517347 info: BlobStorageContextMiddleware: Account=devstoreaccount1 Container=azure-webjobs-hosts Blob=locks/ironpatriot-1903636601/host
2026-02-02T20:56:54.883Z 9899cd5f-c528-43a7-b9e3-3e2fdf517347 verbose: DispatchMiddleware: Dispatching request...
2026-02-02T20:56:54.883Z 9899cd5f-c528-43a7-b9e3-3e2fdf517347 info: DispatchMiddleware: Operation=Blob_AcquireLease
2026-02-02T20:56:54.884Z 9899cd5f-c528-43a7-b9e3-3e2fdf517347 verbose: AuthenticationMiddlewareFactory:createAuthenticationMiddleware() Validating authentications.
2026-02-02T20:56:54.884Z 9899cd5f-c528-43a7-b9e3-3e2fdf517347 info: PublicAccessAuthenticator:validate() Start validation against public access.
2026-02-02T20:56:54.884Z 9899cd5f-c528-43a7-b9e3-3e2fdf517347 debug: PublicAccessAuthenticator:validate() Getting account properties...
2026-02-02T20:56:54.884Z 9899cd5f-c528-43a7-b9e3-3e2fdf517347 debug: PublicAccessAuthenticator:validate() Retrieved account name from context: devstoreaccount1, container: azure-webjobs-hosts, blob: locks/ironpatriot-1903636601/host
2026-02-02T20:56:54.884Z 9899cd5f-c528-43a7-b9e3-3e2fdf517347 debug: PublicAccessAuthenticator:validate() Skip public access authentication. Cannot get public access type for container azure-webjobs-hosts
2026-02-02T20:56:54.884Z 9899cd5f-c528-43a7-b9e3-3e2fdf517347 info: BlobSharedKeyAuthenticator:validate() Start validation against account shared key authentication.
2026-02-02T20:56:54.884Z 9899cd5f-c528-43a7-b9e3-3e2fdf517347 info: BlobSharedKeyAuthenticator:validate() [STRING TO SIGN]:"PUT\n\n\n\n\n\n\n\n\n\n\n\nx-ms-client-request-id:b1c7ee38-b14e-4574-82d6-c7ede72c97fa\nx-ms-date:Mon, 02 Feb 2026 20:56:54 GMT\nx-ms-lease-action:acquire\nx-ms-lease-duration:15\nx-ms-proposed-lease-id:000000000000000000000000C9109B20\nx-ms-return-client-request-id:true\nx-ms-version:2024-08-04\n/devstoreaccount1/devstoreaccount1/azure-webjobs-hosts/locks/ironpatriot-1903636601/host\ncomp:lease"
2026-02-02T20:56:54.884Z 9899cd5f-c528-43a7-b9e3-3e2fdf517347 info: BlobSharedKeyAuthenticator:validate() Calculated authentication header based on key1: SharedKey devstoreaccount1:y+J0IQo2yL57TZWXvJ+MlLiB2kDBj672soduowOi8+M=
2026-02-02T20:56:54.884Z 9899cd5f-c528-43a7-b9e3-3e2fdf517347 info: BlobSharedKeyAuthenticator:validate() Signature 1 matched.
2026-02-02T20:56:54.884Z 9899cd5f-c528-43a7-b9e3-3e2fdf517347 verbose: DeserializerMiddleware: Start deserializing...
2026-02-02T20:56:54.885Z 9899cd5f-c528-43a7-b9e3-3e2fdf517347 info: HandlerMiddleware: DeserializedParameters={"options":{"duration":15,"proposedLeaseId":"000000000000000000000000C9109B20","requestId":"b1c7ee38-b14e-4574-82d6-c7ede72c97fa","modifiedAccessConditions":{}},"comp":"lease","version":"2024-08-04","action":"acquire"}
2026-02-02T20:56:54.886Z 9899cd5f-c528-43a7-b9e3-3e2fdf517347 verbose: SerializerMiddleware: Start serializing...
2026-02-02T20:56:54.886Z 9899cd5f-c528-43a7-b9e3-3e2fdf517347 verbose: Send Blob telemetry: B_Blob_AcquireLease
2026-02-02T20:56:54.886Z 9899cd5f-c528-43a7-b9e3-3e2fdf517347 info: EndMiddleware: End response. TotalTimeInMS=3 StatusCode=201 StatusMessage=undefined Headers={"server":"Azurite-Blob/3.35.0","etag":"\"0x23CFFB90C54DBE0\"","last-modified":"Mon, 02 Feb 2026 20:56:54 GMT","x-ms-lease-id":"000000000000000000000000C9109B20","x-ms-client-request-id":"b1c7ee38-b14e-4574-82d6-c7ede72c97fa","x-ms-request-id":"9899cd5f-c528-43a7-b9e3-3e2fdf517347","x-ms-version":"2025-11-05","date":"Mon, 02 Feb 2026 20:56:54 GMT"}
2026-02-02T20:56:54.889Z d3e9f795-992b-491f-a620-07d3067672d4 info: BlobStorageContextMiddleware: RequestMethod=HEAD RequestURL=http://127.0.0.1/devstoreaccount1/azure-webjobs-hosts/locks/ironpatriot-1903636601/host RequestHeaders:{"host":"127.0.0.1:10000","x-ms-version":"2024-08-04","accept":"application/xml","x-ms-client-request-id":"09ad2156-8aa0-4abd-9e73-f26c6ab5d00b","x-ms-return-client-request-id":"true","user-agent":"azsdk-net-Storage.Blobs/12.21.2 (.NET 8.0.22; Microsoft Windows 10.0.26200)","x-ms-date":"Mon, 02 Feb 2026 20:56:54 GMT","authorization":"SharedKey devstoreaccount1:japPyLlG0LdLhFI5UVZAWeCYEXicXnuYlg5e88nZYak="} ClientIP=127.0.0.1 Protocol=http HTTPVersion=1.1
2026-02-02T20:56:54.889Z d3e9f795-992b-491f-a620-07d3067672d4 info: BlobStorageContextMiddleware: Account=devstoreaccount1 Container=azure-webjobs-hosts Blob=locks/ironpatriot-1903636601/host
2026-02-02T20:56:54.889Z d3e9f795-992b-491f-a620-07d3067672d4 verbose: DispatchMiddleware: Dispatching request...
2026-02-02T20:56:54.890Z d3e9f795-992b-491f-a620-07d3067672d4 info: DispatchMiddleware: Operation=Blob_GetProperties
2026-02-02T20:56:54.890Z d3e9f795-992b-491f-a620-07d3067672d4 verbose: AuthenticationMiddlewareFactory:createAuthenticationMiddleware() Validating authentications.
2026-02-02T20:56:54.890Z d3e9f795-992b-491f-a620-07d3067672d4 info: PublicAccessAuthenticator:validate() Start validation against public access.
2026-02-02T20:56:54.890Z d3e9f795-992b-491f-a620-07d3067672d4 debug: PublicAccessAuthenticator:validate() Getting account properties...
2026-02-02T20:56:54.890Z d3e9f795-992b-491f-a620-07d3067672d4 debug: PublicAccessAuthenticator:validate() Retrieved account name from context: devstoreaccount1, container: azure-webjobs-hosts, blob: locks/ironpatriot-1903636601/host
2026-02-02T20:56:54.890Z d3e9f795-992b-491f-a620-07d3067672d4 debug: PublicAccessAuthenticator:validate() Skip public access authentication. Cannot get public access type for container azure-webjobs-hosts
2026-02-02T20:56:54.890Z d3e9f795-992b-491f-a620-07d3067672d4 info: BlobSharedKeyAuthenticator:validate() Start validation against account shared key authentication.
2026-02-02T20:56:54.890Z d3e9f795-992b-491f-a620-07d3067672d4 info: BlobSharedKeyAuthenticator:validate() [STRING TO SIGN]:"HEAD\n\n\n\n\n\n\n\n\n\n\n\nx-ms-client-request-id:09ad2156-8aa0-4abd-9e73-f26c6ab5d00b\nx-ms-date:Mon, 02 Feb 2026 20:56:54 GMT\nx-ms-return-client-request-id:true\nx-ms-version:2024-08-04\n/devstoreaccount1/devstoreaccount1/azure-webjobs-hosts/locks/ironpatriot-1903636601/host"
2026-02-02T20:56:54.891Z d3e9f795-992b-491f-a620-07d3067672d4 info: BlobSharedKeyAuthenticator:validate() Calculated authentication header based on key1: SharedKey devstoreaccount1:japPyLlG0LdLhFI5UVZAWeCYEXicXnuYlg5e88nZYak=
2026-02-02T20:56:54.891Z d3e9f795-992b-491f-a620-07d3067672d4 info: BlobSharedKeyAuthenticator:validate() Signature 1 matched.
2026-02-02T20:56:54.891Z d3e9f795-992b-491f-a620-07d3067672d4 verbose: DeserializerMiddleware: Start deserializing...
2026-02-02T20:56:54.892Z d3e9f795-992b-491f-a620-07d3067672d4 info: HandlerMiddleware: DeserializedParameters={"options":{"requestId":"09ad2156-8aa0-4abd-9e73-f26c6ab5d00b","leaseAccessConditions":{},"cpkInfo":{},"modifiedAccessConditions":{}},"version":"2024-08-04"}
2026-02-02T20:56:54.893Z d3e9f795-992b-491f-a620-07d3067672d4 verbose: SerializerMiddleware: Start serializing...
2026-02-02T20:56:54.894Z d3e9f795-992b-491f-a620-07d3067672d4 verbose: Send Blob telemetry: B_Blob_GetProperties
2026-02-02T20:56:54.894Z d3e9f795-992b-491f-a620-07d3067672d4 info: EndMiddleware: End response. TotalTimeInMS=5 StatusCode=200 StatusMessage=undefined Headers={"server":"Azurite-Blob/3.35.0","last-modified":"Mon, 02 Feb 2026 20:56:54 GMT","x-ms-creation-time":"Mon, 02 Feb 2026 20:56:54 GMT","x-ms-blob-type":"BlockBlob","x-ms-lease-duration":"fixed","x-ms-lease-state":"leased","x-ms-lease-status":"locked","content-length":"0","content-type":"application/octet-stream","etag":"\"0x23CFFB90C54DBE0\"","content-md5":"1B2M2Y8AsgTpgAmY7PhCfg==","x-ms-client-request-id":"09ad2156-8aa0-4abd-9e73-f26c6ab5d00b","x-ms-request-id":"d3e9f795-992b-491f-a620-07d3067672d4","x-ms-version":"2025-11-05","date":"Mon, 02 Feb 2026 20:56:54 GMT","accept-ranges":"bytes","x-ms-server-encrypted":"true","x-ms-access-tier":"Hot","x-ms-access-tier-inferred":"true","x-ms-access-tier-change-time":"Mon, 02 Feb 2026 20:56:54 GMT"}
2026-02-02T20:56:54.903Z 32560948-224c-4c42-88ba-f8f76bc0fd18 info: BlobStorageContextMiddleware: RequestMethod=PUT RequestURL=http://127.0.0.1/devstoreaccount1/azure-webjobs-hosts/locks/ironpatriot-1903636601/host?comp=metadata RequestHeaders:{"host":"127.0.0.1:10000","x-ms-meta-functioninstance":"000000000000000000000000C9109B20","x-ms-lease-id":"000000000000000000000000C9109B20","x-ms-version":"2024-08-04","accept":"application/xml","x-ms-client-request-id":"d90b070d-e034-4add-b121-6c86b33b285b","x-ms-return-client-request-id":"true","user-agent":"azsdk-net-Storage.Blobs/12.21.2 (.NET 8.0.22; Microsoft Windows 10.0.26200)","x-ms-date":"Mon, 02 Feb 2026 20:56:54 GMT","authorization":"SharedKey devstoreaccount1:+QsXRYK/jnWoJEbAI0YUzFdZy6osMrOEWoRZznCfR2E=","content-length":"0"} ClientIP=127.0.0.1 Protocol=http HTTPVersion=1.1
2026-02-02T20:56:54.903Z 32560948-224c-4c42-88ba-f8f76bc0fd18 info: BlobStorageContextMiddleware: Account=devstoreaccount1 Container=azure-webjobs-hosts Blob=locks/ironpatriot-1903636601/host
2026-02-02T20:56:54.903Z 32560948-224c-4c42-88ba-f8f76bc0fd18 verbose: DispatchMiddleware: Dispatching request...
2026-02-02T20:56:54.904Z 32560948-224c-4c42-88ba-f8f76bc0fd18 info: DispatchMiddleware: Operation=Blob_SetMetadata
2026-02-02T20:56:54.904Z 32560948-224c-4c42-88ba-f8f76bc0fd18 verbose: AuthenticationMiddlewareFactory:createAuthenticationMiddleware() Validating authentications.
2026-02-02T20:56:54.904Z 32560948-224c-4c42-88ba-f8f76bc0fd18 info: PublicAccessAuthenticator:validate() Start validation against public access.
2026-02-02T20:56:54.904Z 32560948-224c-4c42-88ba-f8f76bc0fd18 debug: PublicAccessAuthenticator:validate() Getting account properties...
2026-02-02T20:56:54.904Z 32560948-224c-4c42-88ba-f8f76bc0fd18 debug: PublicAccessAuthenticator:validate() Retrieved account name from context: devstoreaccount1, container: azure-webjobs-hosts, blob: locks/ironpatriot-1903636601/host
2026-02-02T20:56:54.904Z 32560948-224c-4c42-88ba-f8f76bc0fd18 debug: PublicAccessAuthenticator:validate() Skip public access authentication. Cannot get public access type for container azure-webjobs-hosts
2026-02-02T20:56:54.904Z 32560948-224c-4c42-88ba-f8f76bc0fd18 info: BlobSharedKeyAuthenticator:validate() Start validation against account shared key authentication.
2026-02-02T20:56:54.905Z 32560948-224c-4c42-88ba-f8f76bc0fd18 info: BlobSharedKeyAuthenticator:validate() [STRING TO SIGN]:"PUT\n\n\n\n\n\n\n\n\n\n\n\nx-ms-client-request-id:d90b070d-e034-4add-b121-6c86b33b285b\nx-ms-date:Mon, 02 Feb 2026 20:56:54 GMT\nx-ms-lease-id:000000000000000000000000C9109B20\nx-ms-meta-functioninstance:000000000000000000000000C9109B20\nx-ms-return-client-request-id:true\nx-ms-version:2024-08-04\n/devstoreaccount1/devstoreaccount1/azure-webjobs-hosts/locks/ironpatriot-1903636601/host\ncomp:metadata"
2026-02-02T20:56:54.905Z 32560948-224c-4c42-88ba-f8f76bc0fd18 info: BlobSharedKeyAuthenticator:validate() Calculated authentication header based on key1: SharedKey devstoreaccount1:+QsXRYK/jnWoJEbAI0YUzFdZy6osMrOEWoRZznCfR2E=
2026-02-02T20:56:54.905Z 32560948-224c-4c42-88ba-f8f76bc0fd18 info: BlobSharedKeyAuthenticator:validate() Signature 1 matched.
2026-02-02T20:56:54.905Z 32560948-224c-4c42-88ba-f8f76bc0fd18 verbose: DeserializerMiddleware: Start deserializing...
2026-02-02T20:56:54.905Z 32560948-224c-4c42-88ba-f8f76bc0fd18 info: HandlerMiddleware: DeserializedParameters={"options":{"metadata":{"functioninstance":"000000000000000000000000C9109B20"},"requestId":"d90b070d-e034-4add-b121-6c86b33b285b","leaseAccessConditions":{"leaseId":"000000000000000000000000C9109B20"},"cpkInfo":{},"cpkScopeInfo":{},"modifiedAccessConditions":{}},"comp":"metadata","version":"2024-08-04"}
2026-02-02T20:56:54.905Z 32560948-224c-4c42-88ba-f8f76bc0fd18 verbose: SerializerMiddleware: Start serializing...
2026-02-02T20:56:54.905Z 32560948-224c-4c42-88ba-f8f76bc0fd18 verbose: Send Blob telemetry: B_Blob_SetMetadata
2026-02-02T20:56:54.906Z 32560948-224c-4c42-88ba-f8f76bc0fd18 info: EndMiddleware: End response. TotalTimeInMS=2 StatusCode=200 StatusMessage=undefined Headers={"server":"Azurite-Blob/3.35.0","etag":"\"0x2555ABB5AB7CD20\"","last-modified":"Mon, 02 Feb 2026 20:56:54 GMT","x-ms-client-request-id":"d90b070d-e034-4add-b121-6c86b33b285b","x-ms-request-id":"32560948-224c-4c42-88ba-f8f76bc0fd18","x-ms-version":"2025-11-05","date":"Mon, 02 Feb 2026 20:56:54 GMT","x-ms-request-server-encrypted":"true"}
2026-02-02T20:56:59.258Z 808f9870-812b-45c8-b03e-dbf0068a414f info: BlobStorageContextMiddleware: RequestMethod=HEAD RequestURL=http://127.0.0.1/devstoreaccount1/azure-webjobs-hosts/locks/ironpatriot-1903636601/host RequestHeaders:{"host":"127.0.0.1:10000","x-ms-version":"2024-08-04","accept":"application/xml","x-ms-client-request-id":"1bd6a825-f20b-4395-89ea-eb3f5c9c5a02","x-ms-return-client-request-id":"true","user-agent":"azsdk-net-Storage.Blobs/12.21.2 (.NET 8.0.22; Microsoft Windows 10.0.26200)","x-ms-date":"Mon, 02 Feb 2026 20:56:59 GMT","authorization":"SharedKey devstoreaccount1:vyqrnHvTpKOS0y24abHbBcVzXS5YY2VVvVKUF7CgIHc="} ClientIP=127.0.0.1 Protocol=http HTTPVersion=1.1
2026-02-02T20:56:59.258Z 808f9870-812b-45c8-b03e-dbf0068a414f info: BlobStorageContextMiddleware: Account=devstoreaccount1 Container=azure-webjobs-hosts Blob=locks/ironpatriot-1903636601/host
2026-02-02T20:56:59.258Z 808f9870-812b-45c8-b03e-dbf0068a414f verbose: DispatchMiddleware: Dispatching request...
2026-02-02T20:56:59.258Z 808f9870-812b-45c8-b03e-dbf0068a414f info: DispatchMiddleware: Operation=Blob_GetProperties
2026-02-02T20:56:59.258Z 808f9870-812b-45c8-b03e-dbf0068a414f verbose: AuthenticationMiddlewareFactory:createAuthenticationMiddleware() Validating authentications.
2026-02-02T20:56:59.258Z 808f9870-812b-45c8-b03e-dbf0068a414f info: PublicAccessAuthenticator:validate() Start validation against public access.
2026-02-02T20:56:59.258Z 808f9870-812b-45c8-b03e-dbf0068a414f debug: PublicAccessAuthenticator:validate() Getting account properties...
2026-02-02T20:56:59.258Z 808f9870-812b-45c8-b03e-dbf0068a414f debug: PublicAccessAuthenticator:validate() Retrieved account name from context: devstoreaccount1, container: azure-webjobs-hosts, blob: locks/ironpatriot-1903636601/host
2026-02-02T20:56:59.258Z 808f9870-812b-45c8-b03e-dbf0068a414f debug: PublicAccessAuthenticator:validate() Skip public access authentication. Cannot get public access type for container azure-webjobs-hosts
2026-02-02T20:56:59.258Z 808f9870-812b-45c8-b03e-dbf0068a414f info: BlobSharedKeyAuthenticator:validate() Start validation against account shared key authentication.
2026-02-02T20:56:59.258Z 808f9870-812b-45c8-b03e-dbf0068a414f info: BlobSharedKeyAuthenticator:validate() [STRING TO SIGN]:"HEAD\n\n\n\n\n\n\n\n\n\n\n\nx-ms-client-request-id:1bd6a825-f20b-4395-89ea-eb3f5c9c5a02\nx-ms-date:Mon, 02 Feb 2026 20:56:59 GMT\nx-ms-return-client-request-id:true\nx-ms-version:2024-08-04\n/devstoreaccount1/devstoreaccount1/azure-webjobs-hosts/locks/ironpatriot-1903636601/host"
2026-02-02T20:56:59.259Z 808f9870-812b-45c8-b03e-dbf0068a414f info: BlobSharedKeyAuthenticator:validate() Calculated authentication header based on key1: SharedKey devstoreaccount1:vyqrnHvTpKOS0y24abHbBcVzXS5YY2VVvVKUF7CgIHc=
2026-02-02T20:56:59.259Z 808f9870-812b-45c8-b03e-dbf0068a414f info: BlobSharedKeyAuthenticator:validate() Signature 1 matched.
2026-02-02T20:56:59.259Z 808f9870-812b-45c8-b03e-dbf0068a414f verbose: DeserializerMiddleware: Start deserializing...
2026-02-02T20:56:59.259Z 808f9870-812b-45c8-b03e-dbf0068a414f info: HandlerMiddleware: DeserializedParameters={"options":{"requestId":"1bd6a825-f20b-4395-89ea-eb3f5c9c5a02","leaseAccessConditions":{},"cpkInfo":{},"modifiedAccessConditions":{}},"version":"2024-08-04"}
2026-02-02T20:56:59.260Z 808f9870-812b-45c8-b03e-dbf0068a414f verbose: SerializerMiddleware: Start serializing...
2026-02-02T20:56:59.261Z 808f9870-812b-45c8-b03e-dbf0068a414f verbose: Send Blob telemetry: B_Blob_GetProperties
2026-02-02T20:56:59.261Z 808f9870-812b-45c8-b03e-dbf0068a414f info: EndMiddleware: End response. TotalTimeInMS=3 StatusCode=200 StatusMessage=undefined Headers={"server":"Azurite-Blob/3.35.0","last-modified":"Mon, 02 Feb 2026 20:56:54 GMT","x-ms-creation-time":"Mon, 02 Feb 2026 20:56:54 GMT","x-ms-meta-functioninstance":"000000000000000000000000C9109B20","x-ms-blob-type":"BlockBlob","x-ms-lease-duration":"fixed","x-ms-lease-state":"leased","x-ms-lease-status":"locked","content-length":"0","content-type":"application/octet-stream","etag":"\"0x2555ABB5AB7CD20\"","content-md5":"1B2M2Y8AsgTpgAmY7PhCfg==","x-ms-client-request-id":"1bd6a825-f20b-4395-89ea-eb3f5c9c5a02","x-ms-request-id":"808f9870-812b-45c8-b03e-dbf0068a414f","x-ms-version":"2025-11-05","date":"Mon, 02 Feb 2026 20:56:59 GMT","accept-ranges":"bytes","x-ms-server-encrypted":"true","x-ms-access-tier":"Hot","x-ms-access-tier-inferred":"true","x-ms-access-tier-change-time":"Mon, 02 Feb 2026 20:56:54 GMT"}
2026-02-02T20:57:04.252Z fa5b6727-2b3d-4854-9789-36fa70597216 info: BlobStorageContextMiddleware: RequestMethod=HEAD RequestURL=http://127.0.0.1/devstoreaccount1/azure-webjobs-hosts/locks/ironpatriot-1903636601/host RequestHeaders:{"host":"127.0.0.1:10000","x-ms-version":"2024-08-04","accept":"application/xml","x-ms-client-request-id":"aecd160b-6f9d-454b-99b1-f3bb52a0ed87","x-ms-return-client-request-id":"true","user-agent":"azsdk-net-Storage.Blobs/12.21.2 (.NET 8.0.22; Microsoft Windows 10.0.26200)","x-ms-date":"Mon, 02 Feb 2026 20:57:04 GMT","authorization":"SharedKey devstoreaccount1:EEQqXCJuzNp+hs3+4eVIT0LfwTtQboN4zWFyNWH91Ss="} ClientIP=127.0.0.1 Protocol=http HTTPVersion=1.1
2026-02-02T20:57:04.253Z fa5b6727-2b3d-4854-9789-36fa70597216 info: BlobStorageContextMiddleware: Account=devstoreaccount1 Container=azure-webjobs-hosts Blob=locks/ironpatriot-1903636601/host
2026-02-02T20:57:04.253Z fa5b6727-2b3d-4854-9789-36fa70597216 verbose: DispatchMiddleware: Dispatching request...
2026-02-02T20:57:04.253Z fa5b6727-2b3d-4854-9789-36fa70597216 info: DispatchMiddleware: Operation=Blob_GetProperties
2026-02-02T20:57:04.254Z fa5b6727-2b3d-4854-9789-36fa70597216 verbose: AuthenticationMiddlewareFactory:createAuthenticationMiddleware() Validating authentications.
2026-02-02T20:57:04.254Z fa5b6727-2b3d-4854-9789-36fa70597216 info: PublicAccessAuthenticator:validate() Start validation against public access.
2026-02-02T20:57:04.254Z fa5b6727-2b3d-4854-9789-36fa70597216 debug: PublicAccessAuthenticator:validate() Getting account properties...
2026-02-02T20:57:04.254Z fa5b6727-2b3d-4854-9789-36fa70597216 debug: PublicAccessAuthenticator:validate() Retrieved account name from context: devstoreaccount1, container: azure-webjobs-hosts, blob: locks/ironpatriot-1903636601/host
2026-02-02T20:57:04.254Z fa5b6727-2b3d-4854-9789-36fa70597216 debug: PublicAccessAuthenticator:validate() Skip public access authentication. Cannot get public access type for container azure-webjobs-hosts
2026-02-02T20:57:04.254Z fa5b6727-2b3d-4854-9789-36fa70597216 info: BlobSharedKeyAuthenticator:validate() Start validation against account shared key authentication.
2026-02-02T20:57:04.254Z fa5b6727-2b3d-4854-9789-36fa70597216 info: BlobSharedKeyAuthenticator:validate() [STRING TO SIGN]:"HEAD\n\n\n\n\n\n\n\n\n\n\n\nx-ms-client-request-id:aecd160b-6f9d-454b-99b1-f3bb52a0ed87\nx-ms-date:Mon, 02 Feb 2026 20:57:04 GMT\nx-ms-return-client-request-id:true\nx-ms-version:2024-08-04\n/devstoreaccount1/devstoreaccount1/azure-webjobs-hosts/locks/ironpatriot-1903636601/host"
2026-02-02T20:57:04.255Z fa5b6727-2b3d-4854-9789-36fa70597216 info: BlobSharedKeyAuthenticator:validate() Calculated authentication header based on key1: SharedKey devstoreaccount1:EEQqXCJuzNp+hs3+4eVIT0LfwTtQboN4zWFyNWH91Ss=
2026-02-02T20:57:04.255Z fa5b6727-2b3d-4854-9789-36fa70597216 info: BlobSharedKeyAuthenticator:validate() Signature 1 matched.
2026-02-02T20:57:04.255Z fa5b6727-2b3d-4854-9789-36fa70597216 verbose: DeserializerMiddleware: Start deserializing...
2026-02-02T20:57:04.255Z fa5b6727-2b3d-4854-9789-36fa70597216 info: HandlerMiddleware: DeserializedParameters={"options":{"requestId":"aecd160b-6f9d-454b-99b1-f3bb52a0ed87","leaseAccessConditions":{},"cpkInfo":{},"modifiedAccessConditions":{}},"version":"2024-08-04"}
2026-02-02T20:57:04.256Z fa5b6727-2b3d-4854-9789-36fa70597216 verbose: SerializerMiddleware: Start serializing...
2026-02-02T20:57:04.257Z fa5b6727-2b3d-4854-9789-36fa70597216 verbose: Send Blob telemetry: B_Blob_GetProperties
2026-02-02T20:57:04.257Z fa5b6727-2b3d-4854-9789-36fa70597216 info: EndMiddleware: End response. TotalTimeInMS=5 StatusCode=200 StatusMessage=undefined Headers={"server":"Azurite-Blob/3.35.0","last-modified":"Mon, 02 Feb 2026 20:56:54 GMT","x-ms-creation-time":"Mon, 02 Feb 2026 20:56:54 GMT","x-ms-meta-functioninstance":"000000000000000000000000C9109B20","x-ms-blob-type":"BlockBlob","x-ms-lease-duration":"fixed","x-ms-lease-state":"leased","x-ms-lease-status":"locked","content-length":"0","content-type":"application/octet-stream","etag":"\"0x2555ABB5AB7CD20\"","content-md5":"1B2M2Y8AsgTpgAmY7PhCfg==","x-ms-client-request-id":"aecd160b-6f9d-454b-99b1-f3bb52a0ed87","x-ms-request-id":"fa5b6727-2b3d-4854-9789-36fa70597216","x-ms-version":"2025-11-05","date":"Mon, 02 Feb 2026 20:57:04 GMT","accept-ranges":"bytes","x-ms-server-encrypted":"true","x-ms-access-tier":"Hot","x-ms-access-tier-inferred":"true","x-ms-access-tier-change-time":"Mon, 02 Feb 2026 20:56:54 GMT"}
2026-02-02T20:57:09.251Z de5aeee8-7b0f-4b34-aa94-204d3797d35f info: BlobStorageContextMiddleware: RequestMethod=HEAD RequestURL=http://127.0.0.1/devstoreaccount1/azure-webjobs-hosts/locks/ironpatriot-1903636601/host RequestHeaders:{"host":"127.0.0.1:10000","x-ms-version":"2024-08-04","accept":"application/xml","x-ms-client-request-id":"f61e99c7-2146-4acd-a119-3b1454774919","x-ms-return-client-request-id":"true","user-agent":"azsdk-net-Storage.Blobs/12.21.2 (.NET 8.0.22; Microsoft Windows 10.0.26200)","x-ms-date":"Mon, 02 Feb 2026 20:57:09 GMT","authorization":"SharedKey devstoreaccount1:E+oSXFzO1DZ9IFUV5tn9jgUjTlOWd13z0m3lpA33tDU="} ClientIP=127.0.0.1 Protocol=http HTTPVersion=1.1
2026-02-02T20:57:09.252Z de5aeee8-7b0f-4b34-aa94-204d3797d35f info: BlobStorageContextMiddleware: Account=devstoreaccount1 Container=azure-webjobs-hosts Blob=locks/ironpatriot-1903636601/host
2026-02-02T20:57:09.252Z de5aeee8-7b0f-4b34-aa94-204d3797d35f verbose: DispatchMiddleware: Dispatching request...
2026-02-02T20:57:09.252Z de5aeee8-7b0f-4b34-aa94-204d3797d35f info: DispatchMiddleware: Operation=Blob_GetProperties
2026-02-02T20:57:09.252Z de5aeee8-7b0f-4b34-aa94-204d3797d35f verbose: AuthenticationMiddlewareFactory:createAuthenticationMiddleware() Validating authentications.
2026-02-02T20:57:09.252Z de5aeee8-7b0f-4b34-aa94-204d3797d35f info: PublicAccessAuthenticator:validate() Start validation against public access.
2026-02-02T20:57:09.252Z de5aeee8-7b0f-4b34-aa94-204d3797d35f debug: PublicAccessAuthenticator:validate() Getting account properties...
2026-02-02T20:57:09.252Z de5aeee8-7b0f-4b34-aa94-204d3797d35f debug: PublicAccessAuthenticator:validate() Retrieved account name from context: devstoreaccount1, container: azure-webjobs-hosts, blob: locks/ironpatriot-1903636601/host
2026-02-02T20:57:09.252Z de5aeee8-7b0f-4b34-aa94-204d3797d35f debug: PublicAccessAuthenticator:validate() Skip public access authentication. Cannot get public access type for container azure-webjobs-hosts
2026-02-02T20:57:09.252Z de5aeee8-7b0f-4b34-aa94-204d3797d35f info: BlobSharedKeyAuthenticator:validate() Start validation against account shared key authentication.
2026-02-02T20:57:09.252Z de5aeee8-7b0f-4b34-aa94-204d3797d35f info: BlobSharedKeyAuthenticator:validate() [STRING TO SIGN]:"HEAD\n\n\n\n\n\n\n\n\n\n\n\nx-ms-client-request-id:f61e99c7-2146-4acd-a119-3b1454774919\nx-ms-date:Mon, 02 Feb 2026 20:57:09 GMT\nx-ms-return-client-request-id:true\nx-ms-version:2024-08-04\n/devstoreaccount1/devstoreaccount1/azure-webjobs-hosts/locks/ironpatriot-1903636601/host"
2026-02-02T20:57:09.253Z de5aeee8-7b0f-4b34-aa94-204d3797d35f info: BlobSharedKeyAuthenticator:validate() Calculated authentication header based on key1: SharedKey devstoreaccount1:E+oSXFzO1DZ9IFUV5tn9jgUjTlOWd13z0m3lpA33tDU=
2026-02-02T20:57:09.253Z de5aeee8-7b0f-4b34-aa94-204d3797d35f info: BlobSharedKeyAuthenticator:validate() Signature 1 matched.
2026-02-02T20:57:09.253Z de5aeee8-7b0f-4b34-aa94-204d3797d35f verbose: DeserializerMiddleware: Start deserializing...
2026-02-02T20:57:09.253Z de5aeee8-7b0f-4b34-aa94-204d3797d35f info: HandlerMiddleware: DeserializedParameters={"options":{"requestId":"f61e99c7-2146-4acd-a119-3b1454774919","leaseAccessConditions":{},"cpkInfo":{},"modifiedAccessConditions":{}},"version":"2024-08-04"}
2026-02-02T20:57:09.253Z de5aeee8-7b0f-4b34-aa94-204d3797d35f verbose: SerializerMiddleware: Start serializing...
2026-02-02T20:57:09.254Z de5aeee8-7b0f-4b34-aa94-204d3797d35f verbose: Send Blob telemetry: B_Blob_GetProperties
2026-02-02T20:57:09.254Z de5aeee8-7b0f-4b34-aa94-204d3797d35f info: EndMiddleware: End response. TotalTimeInMS=3 StatusCode=200 StatusMessage=undefined Headers={"server":"Azurite-Blob/3.35.0","last-modified":"Mon, 02 Feb 2026 20:56:54 GMT","x-ms-creation-time":"Mon, 02 Feb 2026 20:56:54 GMT","x-ms-meta-functioninstance":"000000000000000000000000C9109B20","x-ms-blob-type":"BlockBlob","x-ms-lease-duration":"fixed","x-ms-lease-state":"leased","x-ms-lease-status":"locked","content-length":"0","content-type":"application/octet-stream","etag":"\"0x2555ABB5AB7CD20\"","content-md5":"1B2M2Y8AsgTpgAmY7PhCfg==","x-ms-client-request-id":"f61e99c7-2146-4acd-a119-3b1454774919","x-ms-request-id":"de5aeee8-7b0f-4b34-aa94-204d3797d35f","x-ms-version":"2025-11-05","date":"Mon, 02 Feb 2026 20:57:09 GMT","accept-ranges":"bytes","x-ms-server-encrypted":"true","x-ms-access-tier":"Hot","x-ms-access-tier-inferred":"true","x-ms-access-tier-change-time":"Mon, 02 Feb 2026 20:56:54 GMT"}
2026-02-02T20:57:14.262Z 726ff415-5051-444f-a057-f3bfed0efd3a info: BlobStorageContextMiddleware: RequestMethod=HEAD RequestURL=http://127.0.0.1/devstoreaccount1/azure-webjobs-hosts/locks/ironpatriot-1903636601/host RequestHeaders:{"host":"127.0.0.1:10000","x-ms-version":"2024-08-04","accept":"application/xml","x-ms-client-request-id":"b29ca525-1bf4-40ab-937c-bc2402e5f71f","x-ms-return-client-request-id":"true","user-agent":"azsdk-net-Storage.Blobs/12.21.2 (.NET 8.0.22; Microsoft Windows 10.0.26200)","x-ms-date":"Mon, 02 Feb 2026 20:57:14 GMT","authorization":"SharedKey devstoreaccount1:af+xw1+MZZ/dZ0ajLvQTxS9LO1cZ1ux0YJpd17Pa1eQ="} ClientIP=127.0.0.1 Protocol=http HTTPVersion=1.1
2026-02-02T20:57:14.262Z 726ff415-5051-444f-a057-f3bfed0efd3a info: BlobStorageContextMiddleware: Account=devstoreaccount1 Container=azure-webjobs-hosts Blob=locks/ironpatriot-1903636601/host
2026-02-02T20:57:14.262Z 726ff415-5051-444f-a057-f3bfed0efd3a verbose: DispatchMiddleware: Dispatching request...
2026-02-02T20:57:14.262Z 726ff415-5051-444f-a057-f3bfed0efd3a info: DispatchMiddleware: Operation=Blob_GetProperties
2026-02-02T20:57:14.262Z 726ff415-5051-444f-a057-f3bfed0efd3a verbose: AuthenticationMiddlewareFactory:createAuthenticationMiddleware() Validating authentications.
2026-02-02T20:57:14.262Z 726ff415-5051-444f-a057-f3bfed0efd3a info: PublicAccessAuthenticator:validate() Start validation against public access.
2026-02-02T20:57:14.262Z 726ff415-5051-444f-a057-f3bfed0efd3a debug: PublicAccessAuthenticator:validate() Getting account properties...
2026-02-02T20:57:14.262Z 726ff415-5051-444f-a057-f3bfed0efd3a debug: PublicAccessAuthenticator:validate() Retrieved account name from context: devstoreaccount1, container: azure-webjobs-hosts, blob: locks/ironpatriot-1903636601/host
2026-02-02T20:57:14.262Z 726ff415-5051-444f-a057-f3bfed0efd3a debug: PublicAccessAuthenticator:validate() Skip public access authentication. Cannot get public access type for container azure-webjobs-hosts
2026-02-02T20:57:14.263Z 726ff415-5051-444f-a057-f3bfed0efd3a info: BlobSharedKeyAuthenticator:validate() Start validation against account shared key authentication.
2026-02-02T20:57:14.263Z 726ff415-5051-444f-a057-f3bfed0efd3a info: BlobSharedKeyAuthenticator:validate() [STRING TO SIGN]:"HEAD\n\n\n\n\n\n\n\n\n\n\n\nx-ms-client-request-id:b29ca525-1bf4-40ab-937c-bc2402e5f71f\nx-ms-date:Mon, 02 Feb 2026 20:57:14 GMT\nx-ms-return-client-request-id:true\nx-ms-version:2024-08-04\n/devstoreaccount1/devstoreaccount1/azure-webjobs-hosts/locks/ironpatriot-1903636601/host"
2026-02-02T20:57:14.263Z 726ff415-5051-444f-a057-f3bfed0efd3a info: BlobSharedKeyAuthenticator:validate() Calculated authentication header based on key1: SharedKey devstoreaccount1:af+xw1+MZZ/dZ0ajLvQTxS9LO1cZ1ux0YJpd17Pa1eQ=
2026-02-02T20:57:14.263Z 726ff415-5051-444f-a057-f3bfed0efd3a info: BlobSharedKeyAuthenticator:validate() Signature 1 matched.
2026-02-02T20:57:14.263Z 726ff415-5051-444f-a057-f3bfed0efd3a verbose: DeserializerMiddleware: Start deserializing...
2026-02-02T20:57:14.263Z 726ff415-5051-444f-a057-f3bfed0efd3a info: HandlerMiddleware: DeserializedParameters={"options":{"requestId":"b29ca525-1bf4-40ab-937c-bc2402e5f71f","leaseAccessConditions":{},"cpkInfo":{},"modifiedAccessConditions":{}},"version":"2024-08-04"}
2026-02-02T20:57:14.264Z 726ff415-5051-444f-a057-f3bfed0efd3a verbose: SerializerMiddleware: Start serializing...
2026-02-02T20:57:14.265Z 726ff415-5051-444f-a057-f3bfed0efd3a verbose: Send Blob telemetry: B_Blob_GetProperties
2026-02-02T20:57:14.265Z 726ff415-5051-444f-a057-f3bfed0efd3a info: EndMiddleware: End response. TotalTimeInMS=3 StatusCode=200 StatusMessage=undefined Headers={"server":"Azurite-Blob/3.35.0","last-modified":"Mon, 02 Feb 2026 20:56:54 GMT","x-ms-creation-time":"Mon, 02 Feb 2026 20:56:54 GMT","x-ms-meta-functioninstance":"000000000000000000000000C9109B20","x-ms-blob-type":"BlockBlob","x-ms-lease-state":"expired","x-ms-lease-status":"unlocked","content-length":"0","content-type":"application/octet-stream","etag":"\"0x2555ABB5AB7CD20\"","content-md5":"1B2M2Y8AsgTpgAmY7PhCfg==","x-ms-client-request-id":"b29ca525-1bf4-40ab-937c-bc2402e5f71f","x-ms-request-id":"726ff415-5051-444f-a057-f3bfed0efd3a","x-ms-version":"2025-11-05","date":"Mon, 02 Feb 2026 20:57:14 GMT","accept-ranges":"bytes","x-ms-server-encrypted":"true","x-ms-access-tier":"Hot","x-ms-access-tier-inferred":"true","x-ms-access-tier-change-time":"Mon, 02 Feb 2026 20:56:54 GMT"}
2026-02-02T20:57:14.267Z cce1f367-6d4d-4497-afdb-485a508fcc8a info: BlobStorageContextMiddleware: RequestMethod=PUT RequestURL=http://127.0.0.1/devstoreaccount1/azure-webjobs-hosts/locks/ironpatriot-1903636601/host?comp=lease RequestHeaders:{"host":"127.0.0.1:10000","x-ms-lease-action":"acquire","x-ms-version":"2024-08-04","accept":"application/xml","x-ms-lease-duration":"15","x-ms-proposed-lease-id":"000000000000000000000000C9109B20","x-ms-client-request-id":"e7f2e073-ef96-4e82-bc71-093fea7c8e82","x-ms-return-client-request-id":"true","user-agent":"azsdk-net-Storage.Blobs/12.21.2 (.NET 8.0.22; Microsoft Windows 10.0.26200)","x-ms-date":"Mon, 02 Feb 2026 20:57:14 GMT","authorization":"SharedKey devstoreaccount1:TGpYvHM7NAFE8TgBdVeCpqLdfRs3NsRXL3hpy3SZeAI=","content-length":"0"} ClientIP=127.0.0.1 Protocol=http HTTPVersion=1.1
2026-02-02T20:57:14.267Z cce1f367-6d4d-4497-afdb-485a508fcc8a info: BlobStorageContextMiddleware: Account=devstoreaccount1 Container=azure-webjobs-hosts Blob=locks/ironpatriot-1903636601/host
2026-02-02T20:57:14.267Z cce1f367-6d4d-4497-afdb-485a508fcc8a verbose: DispatchMiddleware: Dispatching request...
2026-02-02T20:57:14.268Z cce1f367-6d4d-4497-afdb-485a508fcc8a info: DispatchMiddleware: Operation=Blob_AcquireLease
2026-02-02T20:57:14.268Z cce1f367-6d4d-4497-afdb-485a508fcc8a verbose: AuthenticationMiddlewareFactory:createAuthenticationMiddleware() Validating authentications.
2026-02-02T20:57:14.268Z cce1f367-6d4d-4497-afdb-485a508fcc8a info: PublicAccessAuthenticator:validate() Start validation against public access.
2026-02-02T20:57:14.268Z cce1f367-6d4d-4497-afdb-485a508fcc8a debug: PublicAccessAuthenticator:validate() Getting account properties...
2026-02-02T20:57:14.268Z cce1f367-6d4d-4497-afdb-485a508fcc8a debug: PublicAccessAuthenticator:validate() Retrieved account name from context: devstoreaccount1, container: azure-webjobs-hosts, blob: locks/ironpatriot-1903636601/host
2026-02-02T20:57:14.268Z cce1f367-6d4d-4497-afdb-485a508fcc8a debug: PublicAccessAuthenticator:validate() Skip public access authentication. Cannot get public access type for container azure-webjobs-hosts
2026-02-02T20:57:14.269Z cce1f367-6d4d-4497-afdb-485a508fcc8a info: BlobSharedKeyAuthenticator:validate() Start validation against account shared key authentication.
2026-02-02T20:57:14.269Z cce1f367-6d4d-4497-afdb-485a508fcc8a info: BlobSharedKeyAuthenticator:validate() [STRING TO SIGN]:"PUT\n\n\n\n\n\n\n\n\n\n\n\nx-ms-client-request-id:e7f2e073-ef96-4e82-bc71-093fea7c8e82\nx-ms-date:Mon, 02 Feb 2026 20:57:14 GMT\nx-ms-lease-action:acquire\nx-ms-lease-duration:15\nx-ms-proposed-lease-id:000000000000000000000000C9109B20\nx-ms-return-client-request-id:true\nx-ms-version:2024-08-04\n/devstoreaccount1/devstoreaccount1/azure-webjobs-hosts/locks/ironpatriot-1903636601/host\ncomp:lease"
2026-02-02T20:57:14.269Z cce1f367-6d4d-4497-afdb-485a508fcc8a info: BlobSharedKeyAuthenticator:validate() Calculated authentication header based on key1: SharedKey devstoreaccount1:TGpYvHM7NAFE8TgBdVeCpqLdfRs3NsRXL3hpy3SZeAI=
2026-02-02T20:57:14.269Z cce1f367-6d4d-4497-afdb-485a508fcc8a info: BlobSharedKeyAuthenticator:validate() Signature 1 matched.
2026-02-02T20:57:14.269Z cce1f367-6d4d-4497-afdb-485a508fcc8a verbose: DeserializerMiddleware: Start deserializing...
2026-02-02T20:57:14.270Z cce1f367-6d4d-4497-afdb-485a508fcc8a info: HandlerMiddleware: DeserializedParameters={"options":{"duration":15,"proposedLeaseId":"000000000000000000000000C9109B20","requestId":"e7f2e073-ef96-4e82-bc71-093fea7c8e82","modifiedAccessConditions":{}},"comp":"lease","version":"2024-08-04","action":"acquire"}
2026-02-02T20:57:14.270Z cce1f367-6d4d-4497-afdb-485a508fcc8a verbose: SerializerMiddleware: Start serializing...
2026-02-02T20:57:14.271Z cce1f367-6d4d-4497-afdb-485a508fcc8a verbose: Send Blob telemetry: B_Blob_AcquireLease
2026-02-02T20:57:14.271Z cce1f367-6d4d-4497-afdb-485a508fcc8a info: EndMiddleware: End response. TotalTimeInMS=4 StatusCode=201 StatusMessage=undefined Headers={"server":"Azurite-Blob/3.35.0","etag":"\"0x2555ABB5AB7CD20\"","last-modified":"Mon, 02 Feb 2026 20:56:54 GMT","x-ms-lease-id":"000000000000000000000000C9109B20","x-ms-client-request-id":"e7f2e073-ef96-4e82-bc71-093fea7c8e82","x-ms-request-id":"cce1f367-6d4d-4497-afdb-485a508fcc8a","x-ms-version":"2025-11-05","date":"Mon, 02 Feb 2026 20:57:14 GMT"}
2026-02-02T20:57:14.273Z 2e221e37-95ea-49dd-99f2-130a822654f4 info: BlobStorageContextMiddleware: RequestMethod=HEAD RequestURL=http://127.0.0.1/devstoreaccount1/azure-webjobs-hosts/locks/ironpatriot-1903636601/host RequestHeaders:{"host":"127.0.0.1:10000","x-ms-version":"2024-08-04","accept":"application/xml","x-ms-client-request-id":"f65f9d3b-02c4-4702-b239-e11af424a970","x-ms-return-client-request-id":"true","user-agent":"azsdk-net-Storage.Blobs/12.21.2 (.NET 8.0.22; Microsoft Windows 10.0.26200)","x-ms-date":"Mon, 02 Feb 2026 20:57:14 GMT","authorization":"SharedKey devstoreaccount1:qEf9cOb72/aqcG5oGwFTDwofm5Rm868xY2YR56L8h30="} ClientIP=127.0.0.1 Protocol=http HTTPVersion=1.1
2026-02-02T20:57:14.273Z 2e221e37-95ea-49dd-99f2-130a822654f4 info: BlobStorageContextMiddleware: Account=devstoreaccount1 Container=azure-webjobs-hosts Blob=locks/ironpatriot-1903636601/host
2026-02-02T20:57:14.273Z 2e221e37-95ea-49dd-99f2-130a822654f4 verbose: DispatchMiddleware: Dispatching request...
2026-02-02T20:57:14.273Z 2e221e37-95ea-49dd-99f2-130a822654f4 info: DispatchMiddleware: Operation=Blob_GetProperties
2026-02-02T20:57:14.273Z 2e221e37-95ea-49dd-99f2-130a822654f4 verbose: AuthenticationMiddlewareFactory:createAuthenticationMiddleware() Validating authentications.
2026-02-02T20:57:14.273Z 2e221e37-95ea-49dd-99f2-130a822654f4 info: PublicAccessAuthenticator:validate() Start validation against public access.
2026-02-02T20:57:14.273Z 2e221e37-95ea-49dd-99f2-130a822654f4 debug: PublicAccessAuthenticator:validate() Getting account properties...
2026-02-02T20:57:14.273Z 2e221e37-95ea-49dd-99f2-130a822654f4 debug: PublicAccessAuthenticator:validate() Retrieved account name from context: devstoreaccount1, container: azure-webjobs-hosts, blob: locks/ironpatriot-1903636601/host
2026-02-02T20:57:14.274Z 2e221e37-95ea-49dd-99f2-130a822654f4 debug: PublicAccessAuthenticator:validate() Skip public access authentication. Cannot get public access type for container azure-webjobs-hosts
2026-02-02T20:57:14.274Z 2e221e37-95ea-49dd-99f2-130a822654f4 info: BlobSharedKeyAuthenticator:validate() Start validation against account shared key authentication.
2026-02-02T20:57:14.274Z 2e221e37-95ea-49dd-99f2-130a822654f4 info: BlobSharedKeyAuthenticator:validate() [STRING TO SIGN]:"HEAD\n\n\n\n\n\n\n\n\n\n\n\nx-ms-client-request-id:f65f9d3b-02c4-4702-b239-e11af424a970\nx-ms-date:Mon, 02 Feb 2026 20:57:14 GMT\nx-ms-return-client-request-id:true\nx-ms-version:2024-08-04\n/devstoreaccount1/devstoreaccount1/azure-webjobs-hosts/locks/ironpatriot-1903636601/host"
2026-02-02T20:57:14.274Z 2e221e37-95ea-49dd-99f2-130a822654f4 info: BlobSharedKeyAuthenticator:validate() Calculated authentication header based on key1: SharedKey devstoreaccount1:qEf9cOb72/aqcG5oGwFTDwofm5Rm868xY2YR56L8h30=
2026-02-02T20:57:14.274Z 2e221e37-95ea-49dd-99f2-130a822654f4 info: BlobSharedKeyAuthenticator:validate() Signature 1 matched.
2026-02-02T20:57:14.274Z 2e221e37-95ea-49dd-99f2-130a822654f4 verbose: DeserializerMiddleware: Start deserializing...
2026-02-02T20:57:14.274Z 2e221e37-95ea-49dd-99f2-130a822654f4 info: HandlerMiddleware: DeserializedParameters={"options":{"requestId":"f65f9d3b-02c4-4702-b239-e11af424a970","leaseAccessConditions":{},"cpkInfo":{},"modifiedAccessConditions":{}},"version":"2024-08-04"}
2026-02-02T20:57:14.274Z 2e221e37-95ea-49dd-99f2-130a822654f4 verbose: SerializerMiddleware: Start serializing...
2026-02-02T20:57:14.275Z 2e221e37-95ea-49dd-99f2-130a822654f4 verbose: Send Blob telemetry: B_Blob_GetProperties
2026-02-02T20:57:14.275Z 2e221e37-95ea-49dd-99f2-130a822654f4 info: EndMiddleware: End response. TotalTimeInMS=2 StatusCode=200 StatusMessage=undefined Headers={"server":"Azurite-Blob/3.35.0","last-modified":"Mon, 02 Feb 2026 20:56:54 GMT","x-ms-creation-time":"Mon, 02 Feb 2026 20:56:54 GMT","x-ms-meta-functioninstance":"000000000000000000000000C9109B20","x-ms-blob-type":"BlockBlob","x-ms-lease-duration":"fixed","x-ms-lease-state":"leased","x-ms-lease-status":"locked","content-length":"0","content-type":"application/octet-stream","etag":"\"0x2555ABB5AB7CD20\"","content-md5":"1B2M2Y8AsgTpgAmY7PhCfg==","x-ms-client-request-id":"f65f9d3b-02c4-4702-b239-e11af424a970","x-ms-request-id":"2e221e37-95ea-49dd-99f2-130a822654f4","x-ms-version":"2025-11-05","date":"Mon, 02 Feb 2026 20:57:14 GMT","accept-ranges":"bytes","x-ms-server-encrypted":"true","x-ms-access-tier":"Hot","x-ms-access-tier-inferred":"true","x-ms-access-tier-change-time":"Mon, 02 Feb 2026 20:56:54 GMT"}
2026-02-02T20:57:14.276Z 062f827c-8048-4039-ab98-2d7ac68fdbb2 info: BlobStorageContextMiddleware: RequestMethod=PUT RequestURL=http://127.0.0.1/devstoreaccount1/azure-webjobs-hosts/locks/ironpatriot-1903636601/host?comp=metadata RequestHeaders:{"host":"127.0.0.1:10000","x-ms-meta-functioninstance":"000000000000000000000000C9109B20","x-ms-lease-id":"000000000000000000000000C9109B20","x-ms-version":"2024-08-04","accept":"application/xml","x-ms-client-request-id":"abfcf9bc-53c5-4ea2-923f-8947b19011ea","x-ms-return-client-request-id":"true","user-agent":"azsdk-net-Storage.Blobs/12.21.2 (.NET 8.0.22; Microsoft Windows 10.0.26200)","x-ms-date":"Mon, 02 Feb 2026 20:57:14 GMT","authorization":"SharedKey devstoreaccount1:bXqyTooFU/HYxLj7bCiVMTPJEjMpM5XlRL1kMF22Zb4=","content-length":"0"} ClientIP=127.0.0.1 Protocol=http HTTPVersion=1.1
2026-02-02T20:57:14.276Z 062f827c-8048-4039-ab98-2d7ac68fdbb2 info: BlobStorageContextMiddleware: Account=devstoreaccount1 Container=azure-webjobs-hosts Blob=locks/ironpatriot-1903636601/host
2026-02-02T20:57:14.276Z 062f827c-8048-4039-ab98-2d7ac68fdbb2 verbose: DispatchMiddleware: Dispatching request...
2026-02-02T20:57:14.276Z 062f827c-8048-4039-ab98-2d7ac68fdbb2 info: DispatchMiddleware: Operation=Blob_SetMetadata
2026-02-02T20:57:14.276Z 062f827c-8048-4039-ab98-2d7ac68fdbb2 verbose: AuthenticationMiddlewareFactory:createAuthenticationMiddleware() Validating authentications.
2026-02-02T20:57:14.276Z 062f827c-8048-4039-ab98-2d7ac68fdbb2 info: PublicAccessAuthenticator:validate() Start validation against public access.
2026-02-02T20:57:14.276Z 062f827c-8048-4039-ab98-2d7ac68fdbb2 debug: PublicAccessAuthenticator:validate() Getting account properties...
2026-02-02T20:57:14.276Z 062f827c-8048-4039-ab98-2d7ac68fdbb2 debug: PublicAccessAuthenticator:validate() Retrieved account name from context: devstoreaccount1, container: azure-webjobs-hosts, blob: locks/ironpatriot-1903636601/host
2026-02-02T20:57:14.276Z 062f827c-8048-4039-ab98-2d7ac68fdbb2 debug: PublicAccessAuthenticator:validate() Skip public access authentication. Cannot get public access type for container azure-webjobs-hosts
2026-02-02T20:57:14.276Z 062f827c-8048-4039-ab98-2d7ac68fdbb2 info: BlobSharedKeyAuthenticator:validate() Start validation against account shared key authentication.
2026-02-02T20:57:14.276Z 062f827c-8048-4039-ab98-2d7ac68fdbb2 info: BlobSharedKeyAuthenticator:validate() [STRING TO SIGN]:"PUT\n\n\n\n\n\n\n\n\n\n\n\nx-ms-client-request-id:abfcf9bc-53c5-4ea2-923f-8947b19011ea\nx-ms-date:Mon, 02 Feb 2026 20:57:14 GMT\nx-ms-lease-id:000000000000000000000000C9109B20\nx-ms-meta-functioninstance:000000000000000000000000C9109B20\nx-ms-return-client-request-id:true\nx-ms-version:2024-08-04\n/devstoreaccount1/devstoreaccount1/azure-webjobs-hosts/locks/ironpatriot-1903636601/host\ncomp:metadata"
2026-02-02T20:57:14.276Z 062f827c-8048-4039-ab98-2d7ac68fdbb2 info: BlobSharedKeyAuthenticator:validate() Calculated authentication header based on key1: SharedKey devstoreaccount1:bXqyTooFU/HYxLj7bCiVMTPJEjMpM5XlRL1kMF22Zb4=
2026-02-02T20:57:14.276Z 062f827c-8048-4039-ab98-2d7ac68fdbb2 info: BlobSharedKeyAuthenticator:validate() Signature 1 matched.
2026-02-02T20:57:14.276Z 062f827c-8048-4039-ab98-2d7ac68fdbb2 verbose: DeserializerMiddleware: Start deserializing...
2026-02-02T20:57:14.277Z 062f827c-8048-4039-ab98-2d7ac68fdbb2 info: HandlerMiddleware: DeserializedParameters={"options":{"metadata":{"functioninstance":"000000000000000000000000C9109B20"},"requestId":"abfcf9bc-53c5-4ea2-923f-8947b19011ea","leaseAccessConditions":{"leaseId":"000000000000000000000000C9109B20"},"cpkInfo":{},"cpkScopeInfo":{},"modifiedAccessConditions":{}},"comp":"metadata","version":"2024-08-04"}
2026-02-02T20:57:14.277Z 062f827c-8048-4039-ab98-2d7ac68fdbb2 verbose: SerializerMiddleware: Start serializing...
2026-02-02T20:57:14.277Z 062f827c-8048-4039-ab98-2d7ac68fdbb2 verbose: Send Blob telemetry: B_Blob_SetMetadata
2026-02-02T20:57:14.277Z 062f827c-8048-4039-ab98-2d7ac68fdbb2 info: EndMiddleware: End response. TotalTimeInMS=1 StatusCode=200 StatusMessage=undefined Headers={"server":"Azurite-Blob/3.35.0","etag":"\"0x20B2B267684D220\"","last-modified":"Mon, 02 Feb 2026 20:57:14 GMT","x-ms-client-request-id":"abfcf9bc-53c5-4ea2-923f-8947b19011ea","x-ms-request-id":"062f827c-8048-4039-ab98-2d7ac68fdbb2","x-ms-version":"2025-11-05","date":"Mon, 02 Feb 2026 20:57:14 GMT","x-ms-request-server-encrypted":"true"}
2026-02-02T20:57:26.300Z a9c63f55-46b2-4a23-9a04-effbf82f8510 info: BlobStorageContextMiddleware: RequestMethod=PUT RequestURL=http://127.0.0.1/devstoreaccount1/azure-webjobs-hosts/locks/ironpatriot-1903636601/host?comp=lease RequestHeaders:{"host":"127.0.0.1:10000","x-ms-lease-action":"renew","x-ms-lease-id":"000000000000000000000000C9109B20","x-ms-version":"2024-08-04","accept":"application/xml","x-ms-client-request-id":"33dc50dc-bd23-4f84-a50e-7c2f7de0de1e","x-ms-return-client-request-id":"true","user-agent":"azsdk-net-Storage.Blobs/12.21.2 (.NET 8.0.22; Microsoft Windows 10.0.26200)","x-ms-date":"Mon, 02 Feb 2026 20:57:26 GMT","authorization":"SharedKey devstoreaccount1:pWtGwQYt3g8J7fsusiwah4xCLmb508jCQjWEVH9N5co=","content-length":"0"} ClientIP=127.0.0.1 Protocol=http HTTPVersion=1.1
2026-02-02T20:57:26.300Z a9c63f55-46b2-4a23-9a04-effbf82f8510 info: BlobStorageContextMiddleware: Account=devstoreaccount1 Container=azure-webjobs-hosts Blob=locks/ironpatriot-1903636601/host
2026-02-02T20:57:26.300Z a9c63f55-46b2-4a23-9a04-effbf82f8510 verbose: DispatchMiddleware: Dispatching request...
2026-02-02T20:57:26.300Z a9c63f55-46b2-4a23-9a04-effbf82f8510 info: DispatchMiddleware: Operation=Blob_RenewLease
2026-02-02T20:57:26.300Z a9c63f55-46b2-4a23-9a04-effbf82f8510 verbose: AuthenticationMiddlewareFactory:createAuthenticationMiddleware() Validating authentications.
2026-02-02T20:57:26.301Z a9c63f55-46b2-4a23-9a04-effbf82f8510 info: PublicAccessAuthenticator:validate() Start validation against public access.
2026-02-02T20:57:26.301Z a9c63f55-46b2-4a23-9a04-effbf82f8510 debug: PublicAccessAuthenticator:validate() Getting account properties...
2026-02-02T20:57:26.301Z a9c63f55-46b2-4a23-9a04-effbf82f8510 debug: PublicAccessAuthenticator:validate() Retrieved account name from context: devstoreaccount1, container: azure-webjobs-hosts, blob: locks/ironpatriot-1903636601/host
2026-02-02T20:57:26.301Z a9c63f55-46b2-4a23-9a04-effbf82f8510 debug: PublicAccessAuthenticator:validate() Skip public access authentication. Cannot get public access type for container azure-webjobs-hosts
2026-02-02T20:57:26.301Z a9c63f55-46b2-4a23-9a04-effbf82f8510 info: BlobSharedKeyAuthenticator:validate() Start validation against account shared key authentication.
2026-02-02T20:57:26.301Z a9c63f55-46b2-4a23-9a04-effbf82f8510 info: BlobSharedKeyAuthenticator:validate() [STRING TO SIGN]:"PUT\n\n\n\n\n\n\n\n\n\n\n\nx-ms-client-request-id:33dc50dc-bd23-4f84-a50e-7c2f7de0de1e\nx-ms-date:Mon, 02 Feb 2026 20:57:26 GMT\nx-ms-lease-action:renew\nx-ms-lease-id:000000000000000000000000C9109B20\nx-ms-return-client-request-id:true\nx-ms-version:2024-08-04\n/devstoreaccount1/devstoreaccount1/azure-webjobs-hosts/locks/ironpatriot-1903636601/host\ncomp:lease"
2026-02-02T20:57:26.301Z a9c63f55-46b2-4a23-9a04-effbf82f8510 info: BlobSharedKeyAuthenticator:validate() Calculated authentication header based on key1: SharedKey devstoreaccount1:pWtGwQYt3g8J7fsusiwah4xCLmb508jCQjWEVH9N5co=
2026-02-02T20:57:26.301Z a9c63f55-46b2-4a23-9a04-effbf82f8510 info: BlobSharedKeyAuthenticator:validate() Signature 1 matched.
2026-02-02T20:57:26.302Z a9c63f55-46b2-4a23-9a04-effbf82f8510 verbose: DeserializerMiddleware: Start deserializing...
2026-02-02T20:57:26.302Z a9c63f55-46b2-4a23-9a04-effbf82f8510 info: HandlerMiddleware: DeserializedParameters={"options":{"requestId":"33dc50dc-bd23-4f84-a50e-7c2f7de0de1e","modifiedAccessConditions":{}},"comp":"lease","leaseId":"000000000000000000000000C9109B20","version":"2024-08-04","action":"renew"}
2026-02-02T20:57:26.302Z a9c63f55-46b2-4a23-9a04-effbf82f8510 verbose: SerializerMiddleware: Start serializing...
2026-02-02T20:57:26.303Z a9c63f55-46b2-4a23-9a04-effbf82f8510 verbose: Send Blob telemetry: B_Blob_RenewLease
2026-02-02T20:57:26.303Z a9c63f55-46b2-4a23-9a04-effbf82f8510 info: EndMiddleware: End response. TotalTimeInMS=3 StatusCode=200 StatusMessage=undefined Headers={"server":"Azurite-Blob/3.35.0","etag":"\"0x20B2B267684D220\"","last-modified":"Mon, 02 Feb 2026 20:57:14 GMT","x-ms-lease-id":"000000000000000000000000C9109B20","x-ms-client-request-id":"33dc50dc-bd23-4f84-a50e-7c2f7de0de1e","x-ms-request-id":"a9c63f55-46b2-4a23-9a04-effbf82f8510","x-ms-version":"2025-11-05","date":"Mon, 02 Feb 2026 20:57:26 GMT"}
